{
  "RSpec": {
    "coverage": {
      "/Users/katie/Documents/flatiron/games/artist-song-modules/lib/concerns/findable.rb": [
        1,
        1,
        1,
        4,
        null,
        null,
        null
      ],
      "/Users/katie/Documents/flatiron/games/artist-song-modules/lib/concerns/memorable.rb": [
        1,
        1,
        1,
        19,
        null,
        null,
        1,
        4,
        null,
        null,
        null,
        1,
        1,
        21,
        21,
        null,
        null,
        null
      ],
      "/Users/katie/Documents/flatiron/games/artist-song-modules/lib/concerns/paramable.rb": [
        1,
        1,
        1,
        1,
        null,
        null,
        null
      ],
      "/Users/katie/Documents/flatiron/games/artist-song-modules/lib/artist.rb": [
        1,
        1,
        1,
        null,
        1,
        1,
        1,
        1,
        null,
        1,
        null,
        1,
        24,
        null,
        null,
        1,
        10,
        null,
        null,
        1,
        4,
        4,
        null,
        null,
        1,
        3,
        null,
        null,
        null
      ],
      "/Users/katie/Documents/flatiron/games/artist-song-modules/lib/song.rb": [
        1,
        1,
        1,
        null,
        1,
        1,
        1,
        1,
        null,
        1,
        null,
        1,
        24,
        null,
        null,
        1,
        4,
        4,
        null,
        null,
        null,
        1,
        1,
        null,
        null,
        null,
        null,
        null
      ]
    },
    "timestamp": 1410962680
  }
}
