{
  "RSpec": {
    "coverage": {
      "/Users/amandahimmelstoss/Development/flatiron-ta/ruby-labs/artist-song-modules/lib/artist.rb": [
        1,
        1,
        1,
        1,
        null,
        1,
        2,
        null,
        null,
        1,
        10,
        10,
        null,
        null,
        1,
        11,
        null,
        null,
        1,
        10,
        null,
        null,
        1,
        2,
        null,
        null,
        1,
        13520,
        13520,
        null,
        null,
        1,
        2,
        null,
        null,
        1,
        1,
        null,
        null,
        null
      ],
      "/Users/amandahimmelstoss/Development/flatiron-ta/ruby-labs/artist-song-modules/lib/song.rb": [
        1,
        1,
        1,
        1,
        null,
        1,
        11,
        null,
        null,
        1,
        2,
        null,
        null,
        1,
        13519,
        13519,
        null,
        null,
        1,
        9,
        null,
        null,
        1,
        1,
        null,
        null,
        1,
        2,
        null,
        null,
        1,
        3,
        null,
        null
      ]
    },
    "timestamp": 1403298773
  }
}
